2025-05-16 17:17:54,775 INFO Saved 10000 properties for AL to state_exports/AL_properties.csv and state_exports/AL_properties.json
2025-05-16 17:18:19,471 ERROR Error fetching AK sold: Expecting value: line 1 column 1 (char 0)
2025-05-16 17:18:47,602 INFO Saved 1519 properties for AK to state_exports/AK_properties.csv and state_exports/AK_properties.json
2025-05-16 17:19:14,159 INFO Saved 1755 properties for AZ to state_exports/AZ_properties.csv and state_exports/AZ_properties.json
2025-05-16 17:22:33,752 INFO Saved 10000 properties for AR to state_exports/AR_properties.csv and state_exports/AR_properties.json
2025-05-16 17:23:19,602 ERROR Error fetching CA sold: Expecting value: line 1 column 1 (char 0)
2025-05-16 17:26:53,059 INFO Saved 10000 properties for CA to state_exports/CA_properties.csv and state_exports/CA_properties.json
2025-05-16 17:31:03,780 INFO Saved 10000 properties for CO to state_exports/CO_properties.csv and state_exports/CO_properties.json
2025-05-16 17:31:15,571 INFO Saved 325 properties for CT to state_exports/CT_properties.csv and state_exports/CT_properties.json
2025-05-16 17:33:27,533 INFO Saved 10000 properties for DE to state_exports/DE_properties.csv and state_exports/DE_properties.json
2025-05-16 17:38:03,914 INFO Saved 10000 properties for FL to state_exports/FL_properties.csv and state_exports/FL_properties.json
2025-05-16 17:38:53,184 INFO Saved 4690 properties for GA to state_exports/GA_properties.csv and state_exports/GA_properties.json
2025-05-16 17:39:08,282 INFO Saved 498 properties for HI to state_exports/HI_properties.csv and state_exports/HI_properties.json
2025-05-16 17:42:14,439 INFO Saved 10000 properties for ID to state_exports/ID_properties.csv and state_exports/ID_properties.json
2025-05-16 17:46:44,582 INFO Saved 10000 properties for IL to state_exports/IL_properties.csv and state_exports/IL_properties.json
2025-05-16 17:50:41,046 INFO Saved 10000 properties for IN to state_exports/IN_properties.csv and state_exports/IN_properties.json
2025-05-16 17:50:46,190 INFO Saved 4 properties for IA to state_exports/IA_properties.csv and state_exports/IA_properties.json
2025-05-16 17:50:54,650 INFO Saved 114 properties for KS to state_exports/KS_properties.csv and state_exports/KS_properties.json
2025-05-16 17:51:40,396 INFO Saved 4178 properties for KY to state_exports/KY_properties.csv and state_exports/KY_properties.json
2025-05-16 17:55:32,700 INFO Saved 10000 properties for LA to state_exports/LA_properties.csv and state_exports/LA_properties.json
2025-05-16 17:58:26,267 INFO Saved 10000 properties for ME to state_exports/ME_properties.csv and state_exports/ME_properties.json
2025-05-16 17:58:32,245 INFO Saved 12 properties for MD to state_exports/MD_properties.csv and state_exports/MD_properties.json
2025-05-16 18:02:23,240 INFO Saved 10000 properties for MA to state_exports/MA_properties.csv and state_exports/MA_properties.json
2025-05-16 18:06:07,049 INFO Saved 10000 properties for MI to state_exports/MI_properties.csv and state_exports/MI_properties.json
2025-05-16 18:06:41,413 INFO Saved 1989 properties for MN to state_exports/MN_properties.csv and state_exports/MN_properties.json
2025-05-16 18:06:59,922 INFO Saved 701 properties for MS to state_exports/MS_properties.csv and state_exports/MS_properties.json
2025-05-16 18:09:45,482 INFO Saved 10000 properties for MO to state_exports/MO_properties.csv and state_exports/MO_properties.json
2025-05-16 18:10:07,288 INFO Saved 1045 properties for MT to state_exports/MT_properties.csv and state_exports/MT_properties.json
2025-05-16 18:13:07,614 INFO Saved 10000 properties for NE to state_exports/NE_properties.csv and state_exports/NE_properties.json
2025-05-16 18:13:27,541 INFO Saved 901 properties for NV to state_exports/NV_properties.csv and state_exports/NV_properties.json
2025-05-16 18:13:41,032 INFO Saved 428 properties for NH to state_exports/NH_properties.csv and state_exports/NH_properties.json
2025-05-16 18:13:52,596 INFO Saved 315 properties for NJ to state_exports/NJ_properties.csv and state_exports/NJ_properties.json
2025-05-16 18:14:11,522 INFO Saved 717 properties for NM to state_exports/NM_properties.csv and state_exports/NM_properties.json
2025-05-16 18:17:21,813 INFO Saved 10000 properties for NY to state_exports/NY_properties.csv and state_exports/NY_properties.json
2025-05-16 18:17:47,728 INFO Saved 1639 properties for NC to state_exports/NC_properties.csv and state_exports/NC_properties.json
2025-05-16 18:18:03,399 INFO Saved 397 properties for ND to state_exports/ND_properties.csv and state_exports/ND_properties.json
2025-05-16 18:22:26,658 INFO Saved 10000 properties for OH to state_exports/OH_properties.csv and state_exports/OH_properties.json
2025-05-16 18:26:33,929 INFO Saved 10000 properties for OK to state_exports/OK_properties.csv and state_exports/OK_properties.json
2025-05-16 18:30:22,368 INFO Saved 10000 properties for OR to state_exports/OR_properties.csv and state_exports/OR_properties.json
2025-05-16 18:32:29,935 INFO Saved 10000 properties for PA to state_exports/PA_properties.csv and state_exports/PA_properties.json
2025-05-16 18:34:17,058 INFO Saved 10000 properties for RI to state_exports/RI_properties.csv and state_exports/RI_properties.json
2025-05-16 18:36:21,383 INFO Saved 10000 properties for SC to state_exports/SC_properties.csv and state_exports/SC_properties.json
2025-05-16 18:36:29,813 INFO Saved 171 properties for SD to state_exports/SD_properties.csv and state_exports/SD_properties.json
2025-05-16 18:36:57,632 INFO Saved 1634 properties for TN to state_exports/TN_properties.csv and state_exports/TN_properties.json
2025-05-16 18:39:52,221 INFO Saved 10000 properties for TX to state_exports/TX_properties.csv and state_exports/TX_properties.json
2025-05-16 18:41:48,483 ERROR Error fetching UT for_sale: Expecting value: line 1 column 1 (char 0)
2025-05-16 18:42:58,646 INFO Saved 10000 properties for UT to state_exports/UT_properties.csv and state_exports/UT_properties.json
2025-05-16 18:43:08,484 INFO Saved 201 properties for VT to state_exports/VT_properties.csv and state_exports/VT_properties.json
2025-05-16 18:44:28,107 INFO Saved 8285 properties for VA to state_exports/VA_properties.csv and state_exports/VA_properties.json
2025-05-16 18:48:43,250 INFO Saved 10000 properties for WA to state_exports/WA_properties.csv and state_exports/WA_properties.json
2025-05-16 18:48:51,627 INFO Saved 106 properties for WV to state_exports/WV_properties.csv and state_exports/WV_properties.json
2025-05-16 18:52:45,259 INFO Saved 10000 properties for WI to state_exports/WI_properties.csv and state_exports/WI_properties.json
2025-05-16 18:54:26,480 INFO Saved 10000 properties for WY to state_exports/WY_properties.csv and state_exports/WY_properties.json
